<?xml version="1.0" encoding="UTF-8"?>
<!-- Generated by org.testng.reporters.JUnitReportReporter -->
<testsuite hostname="DESKTOP-80U724K" failures="0" tests="1" name="com.blazedemo.TestPage.blazedemo_TC_01" time="4.619" errors="0" timestamp="2023-08-17T09:00:41 IST" skipped="0">
  <testcase classname="com.blazedemo.TestPage.blazedemo_TC_01" name="homepage" time="4.619"/>
</testsuite> <!-- com.blazedemo.TestPage.blazedemo_TC_01 -->
