<?xml version="1.0" encoding="UTF-8"?>
<!-- Generated by org.testng.reporters.JUnitReportReporter -->
<testsuite hostname="DESKTOP-80U724K" failures="0" tests="1" name="com.blazedemo.TestPage.blazedemo_TC_02" time="5.995" errors="0" timestamp="2023-08-17T09:07:33 IST" skipped="0">
  <testcase classname="com.blazedemo.TestPage.blazedemo_TC_02" name="flightPriceScreen" time="5.995"/>
</testsuite> <!-- com.blazedemo.TestPage.blazedemo_TC_02 -->
